{"/Applications/XAMPP/xamppfiles/htdocs/Proyectos/Kuria/v.0.1/src/app.ts": {"path":"/Applications/XAMPP/xamppfiles/htdocs/Proyectos/Kuria/v.0.1/src/app.ts","statementMap":{"0":{"start":{"line":1,"column":0},"end":{"line":1,"column":30}},"1":{"start":{"line":3,"column":12},"end":{"line":3,"column":21}},"2":{"start":{"line":7,"column":1},"end":{"line":7,"column":25}},"3":{"start":{"line":10,"column":1},"end":{"line":10,"column":37}},"4":{"start":{"line":13,"column":1},"end":{"line":13,"column":26}},"5":{"start":{"line":15,"column":1},"end":{"line":15,"column":31}},"6":{"start":{"line":17,"column":0},"end":{"line":17,"column":19}}},"fnMap":{},"branchMap":{},"s":{"0":1,"1":1,"2":1,"3":1,"4":1,"5":1,"6":1},"f":{},"b":{}}
,"/Applications/XAMPP/xamppfiles/htdocs/Proyectos/Kuria/v.0.1/src/config/authtoken.ts": {"path":"/Applications/XAMPP/xamppfiles/htdocs/Proyectos/Kuria/v.0.1/src/config/authtoken.ts","statementMap":{"0":{"start":{"line":1,"column":0},"end":{"line":1,"column":24}},"1":{"start":{"line":4,"column":18},"end":{"line":28,"column":null}},"2":{"start":{"line":4,"column":67},"end":{"line":28,"column":null}},"3":{"start":{"line":6,"column":2},"end":{"line":11,"column":null}},"4":{"start":{"line":7,"column":3},"end":{"line":10,"column":6}},"5":{"start":{"line":14,"column":16},"end":{"line":14,"column":33}},"6":{"start":{"line":15,"column":17},"end":{"line":15,"column":73}},"7":{"start":{"line":17,"column":2},"end":{"line":22,"column":null}},"8":{"start":{"line":18,"column":3},"end":{"line":21,"column":null}},"9":{"start":{"line":25,"column":2},"end":{"line":25,"column":27}},"10":{"start":{"line":26,"column":2},"end":{"line":26,"column":9}},"11":{"start":{"line":27,"column":2},"end":{"line":27,"column":14}},"12":{"start":{"line":30,"column":0},"end":{"line":30,"column":25}}},"fnMap":{"0":{"name":"(anonymous_8)","decl":{"start":{"line":4,"column":18},"end":{"line":4,"column":25}},"loc":{"start":{"line":4,"column":67},"end":{"line":28,"column":null}}},"1":{"name":"(anonymous_9)","decl":{"start":{"line":4,"column":67},"end":{"line":4,"column":null}},"loc":{"start":{"line":4,"column":67},"end":{"line":28,"column":1}}}},"branchMap":{"0":{"loc":{"start":{"line":6,"column":2},"end":{"line":11,"column":null}},"type":"if","locations":[{"start":{"line":6,"column":2},"end":{"line":11,"column":null}}]},"1":{"loc":{"start":{"line":17,"column":2},"end":{"line":22,"column":null}},"type":"if","locations":[{"start":{"line":17,"column":2},"end":{"line":22,"column":null}}]}},"s":{"0":1,"1":1,"2":0,"3":0,"4":0,"5":0,"6":0,"7":0,"8":0,"9":0,"10":0,"11":0,"12":1},"f":{"0":0,"1":0},"b":{"0":[0],"1":[0]}}
,"/Applications/XAMPP/xamppfiles/htdocs/Proyectos/Kuria/v.0.1/src/config/ddbb.ts": {"path":"/Applications/XAMPP/xamppfiles/htdocs/Proyectos/Kuria/v.0.1/src/config/ddbb.ts","statementMap":{"0":{"start":{"line":1,"column":0},"end":{"line":1,"column":39}},"1":{"start":{"line":4,"column":18},"end":{"line":12,"column":2}},"2":{"start":{"line":15,"column":0},"end":{"line":15,"column":18}}},"fnMap":{},"branchMap":{},"s":{"0":1,"1":1,"2":1},"f":{},"b":{}}
,"/Applications/XAMPP/xamppfiles/htdocs/Proyectos/Kuria/v.0.1/src/controllers/users.ts": {"path":"/Applications/XAMPP/xamppfiles/htdocs/Proyectos/Kuria/v.0.1/src/controllers/users.ts","statementMap":{"0":{"start":{"line":2,"column":0},"end":{"line":2,"column":97}},"1":{"start":{"line":3,"column":0},"end":{"line":3,"column":39}},"2":{"start":{"line":4,"column":0},"end":{"line":4,"column":34}},"3":{"start":{"line":7,"column":14},"end":{"line":28,"column":2}},"4":{"start":{"line":7,"column":52},"end":{"line":28,"column":2}},"5":{"start":{"line":10,"column":2},"end":{"line":12,"column":null}},"6":{"start":{"line":11,"column":3},"end":{"line":11,"column":58}},"7":{"start":{"line":16,"column":2},"end":{"line":18,"column":null}},"8":{"start":{"line":17,"column":3},"end":{"line":17,"column":45}},"9":{"start":{"line":21,"column":19},"end":{"line":21,"column":94}},"10":{"start":{"line":24,"column":15},"end":{"line":24,"column":80}},"11":{"start":{"line":26,"column":1},"end":{"line":26,"column":47}},"12":{"start":{"line":30,"column":13},"end":{"line":34,"column":2}},"13":{"start":{"line":30,"column":46},"end":{"line":34,"column":2}},"14":{"start":{"line":31,"column":19},"end":{"line":31,"column":62}},"15":{"start":{"line":32,"column":1},"end":{"line":32,"column":44}},"16":{"start":{"line":37,"column":12},"end":{"line":73,"column":2}},"17":{"start":{"line":37,"column":49},"end":{"line":73,"column":2}},"18":{"start":{"line":39,"column":12},"end":{"line":39,"column":21}},"19":{"start":{"line":42,"column":2},"end":{"line":44,"column":null}},"20":{"start":{"line":43,"column":3},"end":{"line":43,"column":69}},"21":{"start":{"line":47,"column":22},"end":{"line":47,"column":156}},"22":{"start":{"line":48,"column":2},"end":{"line":50,"column":null}},"23":{"start":{"line":49,"column":3},"end":{"line":49,"column":47}},"24":{"start":{"line":54,"column":14},"end":{"line":59,"column":4}},"25":{"start":{"line":62,"column":14},"end":{"line":62,"column":35}},"26":{"start":{"line":64,"column":2},"end":{"line":71,"column":null}},"27":{"start":{"line":65,"column":3},"end":{"line":68,"column":6}},"28":{"start":{"line":70,"column":3},"end":{"line":70,"column":50}},"29":{"start":{"line":75,"column":13},"end":{"line":99,"column":2}},"30":{"start":{"line":75,"column":56},"end":{"line":99,"column":2}},"31":{"start":{"line":77,"column":21},"end":{"line":77,"column":46}},"32":{"start":{"line":78,"column":12},"end":{"line":78,"column":21}},"33":{"start":{"line":79,"column":24},"end":{"line":79,"column":26}},"34":{"start":{"line":81,"column":1},"end":{"line":88,"column":null}},"35":{"start":{"line":82,"column":22},"end":{"line":82,"column":156}},"36":{"start":{"line":83,"column":2},"end":{"line":85,"column":null}},"37":{"start":{"line":84,"column":3},"end":{"line":84,"column":47}},"38":{"start":{"line":87,"column":2},"end":{"line":87,"column":23}},"39":{"start":{"line":90,"column":1},"end":{"line":90,"column":null}},"40":{"start":{"line":90,"column":21},"end":{"line":90,"column":52}},"41":{"start":{"line":92,"column":13},"end":{"line":92,"column":39}},"42":{"start":{"line":94,"column":1},"end":{"line":98,"column":null}},"43":{"start":{"line":95,"column":2},"end":{"line":95,"column":54}},"44":{"start":{"line":97,"column":2},"end":{"line":97,"column":49}},"45":{"start":{"line":102,"column":12},"end":{"line":114,"column":2}},"46":{"start":{"line":102,"column":55},"end":{"line":114,"column":2}},"47":{"start":{"line":104,"column":21},"end":{"line":104,"column":46}},"48":{"start":{"line":106,"column":13},"end":{"line":106,"column":33}},"49":{"start":{"line":108,"column":1},"end":{"line":112,"column":null}},"50":{"start":{"line":109,"column":2},"end":{"line":109,"column":36}},"51":{"start":{"line":111,"column":2},"end":{"line":111,"column":49}},"52":{"start":{"line":117,"column":24},"end":{"line":144,"column":2}},"53":{"start":{"line":117,"column":67},"end":{"line":144,"column":2}},"54":{"start":{"line":119,"column":21},"end":{"line":119,"column":46}},"55":{"start":{"line":120,"column":12},"end":{"line":120,"column":21}},"56":{"start":{"line":123,"column":2},"end":{"line":125,"column":null}},"57":{"start":{"line":124,"column":3},"end":{"line":124,"column":65}},"58":{"start":{"line":129,"column":14},"end":{"line":129,"column":120}},"59":{"start":{"line":131,"column":2},"end":{"line":133,"column":null}},"60":{"start":{"line":132,"column":3},"end":{"line":132,"column":51}},"61":{"start":{"line":136,"column":15},"end":{"line":136,"column":122}},"62":{"start":{"line":138,"column":2},"end":{"line":142,"column":null}},"63":{"start":{"line":139,"column":3},"end":{"line":139,"column":37}},"64":{"start":{"line":141,"column":3},"end":{"line":141,"column":50}},"65":{"start":{"line":145,"column":26},"end":{"line":147,"column":1}},"66":{"start":{"line":149,"column":13},"end":{"line":152,"column":2}},"67":{"start":{"line":149,"column":56},"end":{"line":152,"column":2}},"68":{"start":{"line":155,"column":0},"end":{"line":164,"column":2}}},"fnMap":{"0":{"name":"(anonymous_8)","decl":{"start":{"line":7,"column":14},"end":{"line":7,"column":21}},"loc":{"start":{"line":7,"column":52},"end":{"line":28,"column":2}}},"1":{"name":"(anonymous_9)","decl":{"start":{"line":7,"column":52},"end":{"line":7,"column":null}},"loc":{"start":{"line":7,"column":52},"end":{"line":28,"column":1}}},"2":{"name":"(anonymous_10)","decl":{"start":{"line":30,"column":13},"end":{"line":30,"column":20}},"loc":{"start":{"line":30,"column":46},"end":{"line":34,"column":2}}},"3":{"name":"(anonymous_11)","decl":{"start":{"line":30,"column":46},"end":{"line":30,"column":null}},"loc":{"start":{"line":30,"column":46},"end":{"line":34,"column":1}}},"4":{"name":"(anonymous_12)","decl":{"start":{"line":37,"column":12},"end":{"line":37,"column":19}},"loc":{"start":{"line":37,"column":49},"end":{"line":73,"column":2}}},"5":{"name":"(anonymous_13)","decl":{"start":{"line":37,"column":49},"end":{"line":37,"column":null}},"loc":{"start":{"line":37,"column":49},"end":{"line":73,"column":1}}},"6":{"name":"(anonymous_14)","decl":{"start":{"line":75,"column":13},"end":{"line":75,"column":20}},"loc":{"start":{"line":75,"column":56},"end":{"line":99,"column":2}}},"7":{"name":"(anonymous_15)","decl":{"start":{"line":75,"column":56},"end":{"line":75,"column":null}},"loc":{"start":{"line":75,"column":56},"end":{"line":99,"column":1}}},"8":{"name":"(anonymous_16)","decl":{"start":{"line":102,"column":12},"end":{"line":102,"column":19}},"loc":{"start":{"line":102,"column":55},"end":{"line":114,"column":2}}},"9":{"name":"(anonymous_17)","decl":{"start":{"line":102,"column":55},"end":{"line":102,"column":null}},"loc":{"start":{"line":102,"column":55},"end":{"line":114,"column":1}}},"10":{"name":"(anonymous_18)","decl":{"start":{"line":117,"column":24},"end":{"line":117,"column":31}},"loc":{"start":{"line":117,"column":67},"end":{"line":144,"column":2}}},"11":{"name":"(anonymous_19)","decl":{"start":{"line":117,"column":67},"end":{"line":117,"column":null}},"loc":{"start":{"line":117,"column":67},"end":{"line":144,"column":1}}},"12":{"name":"(anonymous_20)","decl":{"start":{"line":145,"column":26},"end":{"line":145,"column":27}},"loc":{"start":{"line":145,"column":57},"end":{"line":147,"column":1}}},"13":{"name":"(anonymous_21)","decl":{"start":{"line":149,"column":13},"end":{"line":149,"column":20}},"loc":{"start":{"line":149,"column":56},"end":{"line":152,"column":2}}},"14":{"name":"(anonymous_22)","decl":{"start":{"line":149,"column":56},"end":{"line":149,"column":null}},"loc":{"start":{"line":149,"column":56},"end":{"line":152,"column":1}}}},"branchMap":{"0":{"loc":{"start":{"line":10,"column":2},"end":{"line":12,"column":null}},"type":"if","locations":[{"start":{"line":10,"column":2},"end":{"line":12,"column":null}}]},"1":{"loc":{"start":{"line":10,"column":6},"end":{"line":10,"column":46}},"type":"binary-expr","locations":[{"start":{"line":10,"column":6},"end":{"line":10,"column":26}},{"start":{"line":10,"column":26},"end":{"line":10,"column":46}}]},"2":{"loc":{"start":{"line":10,"column":7},"end":{"line":10,"column":22}},"type":"cond-expr","locations":[{"start":{"line":10,"column":15},"end":{"line":10,"column":17}},{"start":{"line":10,"column":15},"end":{"line":10,"column":22}}]},"3":{"loc":{"start":{"line":10,"column":7},"end":{"line":10,"column":17}},"type":"binary-expr","locations":[{"start":{"line":10,"column":7},"end":{"line":10,"column":17}},{"start":{"line":10,"column":15},"end":{"line":10,"column":17}}]},"4":{"loc":{"start":{"line":10,"column":27},"end":{"line":10,"column":45}},"type":"cond-expr","locations":[{"start":{"line":10,"column":35},"end":{"line":10,"column":37}},{"start":{"line":10,"column":35},"end":{"line":10,"column":45}}]},"5":{"loc":{"start":{"line":10,"column":27},"end":{"line":10,"column":37}},"type":"binary-expr","locations":[{"start":{"line":10,"column":27},"end":{"line":10,"column":37}},{"start":{"line":10,"column":35},"end":{"line":10,"column":37}}]},"6":{"loc":{"start":{"line":16,"column":2},"end":{"line":18,"column":null}},"type":"if","locations":[{"start":{"line":16,"column":2},"end":{"line":18,"column":null}}]},"7":{"loc":{"start":{"line":16,"column":7},"end":{"line":16,"column":25}},"type":"cond-expr","locations":[{"start":{"line":16,"column":19},"end":{"line":16,"column":21}},{"start":{"line":16,"column":19},"end":{"line":16,"column":25}}]},"8":{"loc":{"start":{"line":16,"column":7},"end":{"line":16,"column":21}},"type":"binary-expr","locations":[{"start":{"line":16,"column":7},"end":{"line":16,"column":21}},{"start":{"line":16,"column":19},"end":{"line":16,"column":21}}]},"9":{"loc":{"start":{"line":16,"column":7},"end":{"line":16,"column":19}},"type":"cond-expr","locations":[{"start":{"line":16,"column":14},"end":{"line":16,"column":16}},{"start":{"line":16,"column":7},"end":{"line":16,"column":19}}]},"10":{"loc":{"start":{"line":16,"column":7},"end":{"line":16,"column":16}},"type":"binary-expr","locations":[{"start":{"line":16,"column":7},"end":{"line":16,"column":16}},{"start":{"line":16,"column":7},"end":{"line":16,"column":16}}]},"11":{"loc":{"start":{"line":39,"column":12},"end":{"line":39,"column":21}},"type":"cond-expr","locations":[{"start":{"line":39,"column":15},"end":{"line":39,"column":17}},{"start":{"line":39,"column":12},"end":{"line":39,"column":21}}]},"12":{"loc":{"start":{"line":39,"column":12},"end":{"line":39,"column":17}},"type":"binary-expr","locations":[{"start":{"line":39,"column":12},"end":{"line":39,"column":17}},{"start":{"line":39,"column":12},"end":{"line":39,"column":17}}]},"13":{"loc":{"start":{"line":42,"column":2},"end":{"line":44,"column":null}},"type":"if","locations":[{"start":{"line":42,"column":2},"end":{"line":44,"column":null}}]},"14":{"loc":{"start":{"line":42,"column":6},"end":{"line":42,"column":53}},"type":"binary-expr","locations":[{"start":{"line":42,"column":6},"end":{"line":42,"column":20}},{"start":{"line":42,"column":20},"end":{"line":42,"column":37}},{"start":{"line":42,"column":37},"end":{"line":42,"column":53}}]},"15":{"loc":{"start":{"line":42,"column":7},"end":{"line":42,"column":16}},"type":"cond-expr","locations":[{"start":{"line":42,"column":9},"end":{"line":42,"column":11}},{"start":{"line":42,"column":7},"end":{"line":42,"column":16}}]},"16":{"loc":{"start":{"line":42,"column":7},"end":{"line":42,"column":11}},"type":"binary-expr","locations":[{"start":{"line":42,"column":7},"end":{"line":42,"column":11}},{"start":{"line":42,"column":7},"end":{"line":42,"column":11}}]},"17":{"loc":{"start":{"line":42,"column":21},"end":{"line":42,"column":33}},"type":"cond-expr","locations":[{"start":{"line":42,"column":23},"end":{"line":42,"column":25}},{"start":{"line":42,"column":21},"end":{"line":42,"column":33}}]},"18":{"loc":{"start":{"line":42,"column":21},"end":{"line":42,"column":25}},"type":"binary-expr","locations":[{"start":{"line":42,"column":21},"end":{"line":42,"column":25}},{"start":{"line":42,"column":21},"end":{"line":42,"column":25}}]},"19":{"loc":{"start":{"line":42,"column":38},"end":{"line":42,"column":52}},"type":"cond-expr","locations":[{"start":{"line":42,"column":40},"end":{"line":42,"column":42}},{"start":{"line":42,"column":38},"end":{"line":42,"column":52}}]},"20":{"loc":{"start":{"line":42,"column":38},"end":{"line":42,"column":42}},"type":"binary-expr","locations":[{"start":{"line":42,"column":38},"end":{"line":42,"column":42}},{"start":{"line":42,"column":38},"end":{"line":42,"column":42}}]},"21":{"loc":{"start":{"line":48,"column":2},"end":{"line":50,"column":null}},"type":"if","locations":[{"start":{"line":48,"column":2},"end":{"line":50,"column":null}}]},"22":{"loc":{"start":{"line":64,"column":2},"end":{"line":71,"column":null}},"type":"if","locations":[{"start":{"line":64,"column":2},"end":{"line":71,"column":null}},{"start":{"line":69,"column":7},"end":{"line":71,"column":null}}]},"23":{"loc":{"start":{"line":78,"column":12},"end":{"line":78,"column":21}},"type":"cond-expr","locations":[{"start":{"line":78,"column":15},"end":{"line":78,"column":17}},{"start":{"line":78,"column":12},"end":{"line":78,"column":21}}]},"24":{"loc":{"start":{"line":78,"column":12},"end":{"line":78,"column":17}},"type":"binary-expr","locations":[{"start":{"line":78,"column":12},"end":{"line":78,"column":17}},{"start":{"line":78,"column":12},"end":{"line":78,"column":17}}]},"25":{"loc":{"start":{"line":81,"column":1},"end":{"line":88,"column":null}},"type":"if","locations":[{"start":{"line":81,"column":1},"end":{"line":88,"column":null}}]},"26":{"loc":{"start":{"line":81,"column":4},"end":{"line":81,"column":13}},"type":"cond-expr","locations":[{"start":{"line":81,"column":6},"end":{"line":81,"column":8}},{"start":{"line":81,"column":4},"end":{"line":81,"column":13}}]},"27":{"loc":{"start":{"line":81,"column":4},"end":{"line":81,"column":8}},"type":"binary-expr","locations":[{"start":{"line":81,"column":4},"end":{"line":81,"column":8}},{"start":{"line":81,"column":4},"end":{"line":81,"column":8}}]},"28":{"loc":{"start":{"line":83,"column":2},"end":{"line":85,"column":null}},"type":"if","locations":[{"start":{"line":83,"column":2},"end":{"line":85,"column":null}}]},"29":{"loc":{"start":{"line":90,"column":1},"end":{"line":90,"column":null}},"type":"if","locations":[{"start":{"line":90,"column":1},"end":{"line":90,"column":null}}]},"30":{"loc":{"start":{"line":90,"column":4},"end":{"line":90,"column":18}},"type":"cond-expr","locations":[{"start":{"line":90,"column":6},"end":{"line":90,"column":8}},{"start":{"line":90,"column":4},"end":{"line":90,"column":18}}]},"31":{"loc":{"start":{"line":90,"column":4},"end":{"line":90,"column":8}},"type":"binary-expr","locations":[{"start":{"line":90,"column":4},"end":{"line":90,"column":8}},{"start":{"line":90,"column":4},"end":{"line":90,"column":8}}]},"32":{"loc":{"start":{"line":94,"column":1},"end":{"line":98,"column":null}},"type":"if","locations":[{"start":{"line":94,"column":1},"end":{"line":98,"column":null}},{"start":{"line":96,"column":6},"end":{"line":98,"column":null}}]},"33":{"loc":{"start":{"line":108,"column":1},"end":{"line":112,"column":null}},"type":"if","locations":[{"start":{"line":108,"column":1},"end":{"line":112,"column":null}},{"start":{"line":110,"column":6},"end":{"line":112,"column":null}}]},"34":{"loc":{"start":{"line":120,"column":12},"end":{"line":120,"column":21}},"type":"cond-expr","locations":[{"start":{"line":120,"column":15},"end":{"line":120,"column":17}},{"start":{"line":120,"column":12},"end":{"line":120,"column":21}}]},"35":{"loc":{"start":{"line":120,"column":12},"end":{"line":120,"column":17}},"type":"binary-expr","locations":[{"start":{"line":120,"column":12},"end":{"line":120,"column":17}},{"start":{"line":120,"column":12},"end":{"line":120,"column":17}}]},"36":{"loc":{"start":{"line":123,"column":2},"end":{"line":125,"column":null}},"type":"if","locations":[{"start":{"line":123,"column":2},"end":{"line":125,"column":null}}]},"37":{"loc":{"start":{"line":123,"column":6},"end":{"line":123,"column":46}},"type":"binary-expr","locations":[{"start":{"line":123,"column":6},"end":{"line":123,"column":27}},{"start":{"line":123,"column":27},"end":{"line":123,"column":46}}]},"38":{"loc":{"start":{"line":123,"column":7},"end":{"line":123,"column":23}},"type":"cond-expr","locations":[{"start":{"line":123,"column":9},"end":{"line":123,"column":11}},{"start":{"line":123,"column":7},"end":{"line":123,"column":23}}]},"39":{"loc":{"start":{"line":123,"column":7},"end":{"line":123,"column":11}},"type":"binary-expr","locations":[{"start":{"line":123,"column":7},"end":{"line":123,"column":11}},{"start":{"line":123,"column":7},"end":{"line":123,"column":11}}]},"40":{"loc":{"start":{"line":123,"column":28},"end":{"line":123,"column":44}},"type":"cond-expr","locations":[{"start":{"line":123,"column":30},"end":{"line":123,"column":32}},{"start":{"line":123,"column":28},"end":{"line":123,"column":44}}]},"41":{"loc":{"start":{"line":123,"column":28},"end":{"line":123,"column":32}},"type":"binary-expr","locations":[{"start":{"line":123,"column":28},"end":{"line":123,"column":32}},{"start":{"line":123,"column":28},"end":{"line":123,"column":32}}]},"42":{"loc":{"start":{"line":131,"column":2},"end":{"line":133,"column":null}},"type":"if","locations":[{"start":{"line":131,"column":2},"end":{"line":133,"column":null}}]},"43":{"loc":{"start":{"line":138,"column":2},"end":{"line":142,"column":null}},"type":"if","locations":[{"start":{"line":138,"column":2},"end":{"line":142,"column":null}},{"start":{"line":140,"column":7},"end":{"line":142,"column":null}}]}},"s":{"0":1,"1":1,"2":1,"3":1,"4":0,"5":0,"6":0,"7":0,"8":0,"9":0,"10":0,"11":0,"12":1,"13":0,"14":0,"15":0,"16":1,"17":0,"18":0,"19":0,"20":0,"21":0,"22":0,"23":0,"24":0,"25":0,"26":0,"27":0,"28":0,"29":1,"30":0,"31":0,"32":0,"33":0,"34":0,"35":0,"36":0,"37":0,"38":0,"39":0,"40":0,"41":0,"42":0,"43":0,"44":0,"45":1,"46":0,"47":0,"48":0,"49":0,"50":0,"51":0,"52":1,"53":0,"54":0,"55":0,"56":0,"57":0,"58":0,"59":0,"60":0,"61":0,"62":0,"63":0,"64":0,"65":1,"66":1,"67":0,"68":1},"f":{"0":0,"1":0,"2":0,"3":0,"4":0,"5":0,"6":0,"7":0,"8":0,"9":0,"10":0,"11":0,"12":0,"13":0,"14":0},"b":{"0":[0],"1":[0,0],"2":[0,0],"3":[0,0],"4":[0,0],"5":[0,0],"6":[0],"7":[0,0],"8":[0,0],"9":[0,0],"10":[0,0],"11":[0,0],"12":[0,0],"13":[0],"14":[0,0,0],"15":[0,0],"16":[0,0],"17":[0,0],"18":[0,0],"19":[0,0],"20":[0,0],"21":[0],"22":[0,0],"23":[0,0],"24":[0,0],"25":[0],"26":[0,0],"27":[0,0],"28":[0],"29":[0],"30":[0,0],"31":[0,0],"32":[0,0],"33":[0,0],"34":[0,0],"35":[0,0],"36":[0],"37":[0,0],"38":[0,0],"39":[0,0],"40":[0,0],"41":[0,0],"42":[0],"43":[0,0]}}
,"/Applications/XAMPP/xamppfiles/htdocs/Proyectos/Kuria/v.0.1/src/helper/errorResponse.ts": {"path":"/Applications/XAMPP/xamppfiles/htdocs/Proyectos/Kuria/v.0.1/src/helper/errorResponse.ts","statementMap":{"0":{"start":{"line":3,"column":20},"end":{"line":9,"column":1}},"1":{"start":{"line":4,"column":1},"end":{"line":8,"column":4}},"2":{"start":{"line":39,"column":1},"end":{"line":39,"column":12}},"3":{"start":{"line":12,"column":20},"end":{"line":18,"column":1}},"4":{"start":{"line":13,"column":1},"end":{"line":17,"column":4}},"5":{"start":{"line":41,"column":1},"end":{"line":41,"column":12}},"6":{"start":{"line":20,"column":24},"end":{"line":26,"column":1}},"7":{"start":{"line":21,"column":1},"end":{"line":25,"column":4}},"8":{"start":{"line":42,"column":1},"end":{"line":42,"column":16}},"9":{"start":{"line":30,"column":22},"end":{"line":36,"column":1}},"10":{"start":{"line":31,"column":1},"end":{"line":35,"column":4}},"11":{"start":{"line":40,"column":1},"end":{"line":40,"column":14}}},"fnMap":{"0":{"name":"(anonymous_0)","decl":{"start":{"line":3,"column":20},"end":{"line":3,"column":21}},"loc":{"start":{"line":3,"column":65},"end":{"line":9,"column":1}}},"1":{"name":"(anonymous_1)","decl":{"start":{"line":12,"column":20},"end":{"line":12,"column":21}},"loc":{"start":{"line":12,"column":65},"end":{"line":18,"column":1}}},"2":{"name":"(anonymous_2)","decl":{"start":{"line":20,"column":24},"end":{"line":20,"column":25}},"loc":{"start":{"line":20,"column":69},"end":{"line":26,"column":1}}},"3":{"name":"(anonymous_3)","decl":{"start":{"line":30,"column":22},"end":{"line":30,"column":23}},"loc":{"start":{"line":30,"column":67},"end":{"line":36,"column":1}}}},"branchMap":{"0":{"loc":{"start":{"line":3,"column":21},"end":{"line":3,"column":39}},"type":"default-arg","locations":[{"start":{"line":3,"column":37},"end":{"line":3,"column":39}}]},"1":{"loc":{"start":{"line":12,"column":21},"end":{"line":12,"column":39}},"type":"default-arg","locations":[{"start":{"line":12,"column":37},"end":{"line":12,"column":39}}]},"2":{"loc":{"start":{"line":20,"column":25},"end":{"line":20,"column":43}},"type":"default-arg","locations":[{"start":{"line":20,"column":41},"end":{"line":20,"column":43}}]},"3":{"loc":{"start":{"line":30,"column":23},"end":{"line":30,"column":41}},"type":"default-arg","locations":[{"start":{"line":30,"column":39},"end":{"line":30,"column":41}}]}},"s":{"0":1,"1":0,"2":1,"3":1,"4":0,"5":1,"6":1,"7":0,"8":1,"9":1,"10":0,"11":1},"f":{"0":0,"1":0,"2":0,"3":0},"b":{"0":[0],"1":[0],"2":[0],"3":[0]}}
,"/Applications/XAMPP/xamppfiles/htdocs/Proyectos/Kuria/v.0.1/src/routers/users.ts": {"path":"/Applications/XAMPP/xamppfiles/htdocs/Proyectos/Kuria/v.0.1/src/routers/users.ts","statementMap":{"0":{"start":{"line":1,"column":0},"end":{"line":1,"column":30}},"1":{"start":{"line":4,"column":0},"end":{"line":4,"column":50}},"2":{"start":{"line":6,"column":0},"end":{"line":6,"column":44}},"3":{"start":{"line":9,"column":15},"end":{"line":9,"column":31}},"4":{"start":{"line":11,"column":0},"end":{"line":15,"column":3}},"5":{"start":{"line":13,"column":1},"end":{"line":13,"column":32}},"6":{"start":{"line":18,"column":0},"end":{"line":22,"column":3}},"7":{"start":{"line":20,"column":1},"end":{"line":20,"column":31}},"8":{"start":{"line":25,"column":0},"end":{"line":29,"column":3}},"9":{"start":{"line":27,"column":1},"end":{"line":27,"column":30}},"10":{"start":{"line":32,"column":0},"end":{"line":36,"column":3}},"11":{"start":{"line":34,"column":1},"end":{"line":34,"column":30}},"12":{"start":{"line":38,"column":0},"end":{"line":42,"column":3}},"13":{"start":{"line":40,"column":1},"end":{"line":40,"column":31}},"14":{"start":{"line":44,"column":0},"end":{"line":48,"column":3}},"15":{"start":{"line":46,"column":1},"end":{"line":46,"column":42}},"16":{"start":{"line":50,"column":0},"end":{"line":54,"column":3}},"17":{"start":{"line":52,"column":1},"end":{"line":52,"column":44}},"18":{"start":{"line":57,"column":0},"end":{"line":64,"column":3}},"19":{"start":{"line":60,"column":1},"end":{"line":62,"column":4}},"20":{"start":{"line":66,"column":0},"end":{"line":66,"column":22}}},"fnMap":{"0":{"name":"(anonymous_1)","decl":{"start":{"line":11,"column":22},"end":{"line":11,"column":23}},"loc":{"start":{"line":11,"column":53},"end":{"line":15,"column":1}}},"1":{"name":"(anonymous_2)","decl":{"start":{"line":18,"column":33},"end":{"line":18,"column":34}},"loc":{"start":{"line":18,"column":64},"end":{"line":22,"column":1}}},"2":{"name":"(anonymous_3)","decl":{"start":{"line":25,"column":20},"end":{"line":25,"column":21}},"loc":{"start":{"line":25,"column":51},"end":{"line":29,"column":1}}},"3":{"name":"(anonymous_4)","decl":{"start":{"line":32,"column":38},"end":{"line":32,"column":39}},"loc":{"start":{"line":32,"column":69},"end":{"line":36,"column":1}}},"4":{"name":"(anonymous_5)","decl":{"start":{"line":38,"column":33},"end":{"line":38,"column":34}},"loc":{"start":{"line":38,"column":64},"end":{"line":42,"column":1}}},"5":{"name":"(anonymous_6)","decl":{"start":{"line":44,"column":44},"end":{"line":44,"column":45}},"loc":{"start":{"line":44,"column":75},"end":{"line":48,"column":1}}},"6":{"name":"(anonymous_7)","decl":{"start":{"line":50,"column":50},"end":{"line":50,"column":51}},"loc":{"start":{"line":50,"column":81},"end":{"line":54,"column":1}}},"7":{"name":"(anonymous_8)","decl":{"start":{"line":57,"column":20},"end":{"line":57,"column":21}},"loc":{"start":{"line":57,"column":51},"end":{"line":64,"column":1}}}},"branchMap":{},"s":{"0":1,"1":1,"2":1,"3":1,"4":1,"5":0,"6":1,"7":0,"8":1,"9":0,"10":1,"11":0,"12":1,"13":0,"14":1,"15":0,"16":1,"17":0,"18":1,"19":2,"20":1},"f":{"0":0,"1":0,"2":0,"3":0,"4":0,"5":0,"6":0,"7":2},"b":{}}
,"/Applications/XAMPP/xamppfiles/htdocs/Proyectos/Kuria/v.0.1/src/services/users.ts": {"path":"/Applications/XAMPP/xamppfiles/htdocs/Proyectos/Kuria/v.0.1/src/services/users.ts","statementMap":{"0":{"start":{"line":1,"column":0},"end":{"line":1,"column":32}},"1":{"start":{"line":3,"column":0},"end":{"line":3,"column":34}},"2":{"start":{"line":5,"column":14},"end":{"line":30,"column":null}},"3":{"start":{"line":5,"column":36},"end":{"line":30,"column":null}},"4":{"start":{"line":8,"column":15},"end":{"line":10,"column":61}},"5":{"start":{"line":13,"column":2},"end":{"line":13,"column":null}},"6":{"start":{"line":13,"column":27},"end":{"line":13,"column":40}},"7":{"start":{"line":15,"column":17},"end":{"line":15,"column":78}},"8":{"start":{"line":19,"column":20},"end":{"line":19,"column":67}},"9":{"start":{"line":20,"column":2},"end":{"line":20,"column":72}},"10":{"start":{"line":23,"column":14},"end":{"line":27,"column":4}},"11":{"start":{"line":29,"column":2},"end":{"line":29,"column":13}},"12":{"start":{"line":32,"column":19},"end":{"line":39,"column":null}},"13":{"start":{"line":32,"column":44},"end":{"line":39,"column":null}},"14":{"start":{"line":33,"column":20},"end":{"line":33,"column":102}},"15":{"start":{"line":34,"column":1},"end":{"line":38,"column":null}},"16":{"start":{"line":35,"column":2},"end":{"line":35,"column":12}},"17":{"start":{"line":37,"column":2},"end":{"line":37,"column":23}},"18":{"start":{"line":42,"column":12},"end":{"line":50,"column":null}},"19":{"start":{"line":42,"column":39},"end":{"line":50,"column":null}},"20":{"start":{"line":43,"column":1},"end":{"line":47,"column":null}},"21":{"start":{"line":44,"column":2},"end":{"line":44,"column":35}},"22":{"start":{"line":46,"column":2},"end":{"line":46,"column":15}},"23":{"start":{"line":49,"column":1},"end":{"line":49,"column":13}},"24":{"start":{"line":53,"column":13},"end":{"line":64,"column":null}},"25":{"start":{"line":53,"column":54},"end":{"line":64,"column":null}},"26":{"start":{"line":54,"column":1},"end":{"line":60,"column":null}},"27":{"start":{"line":55,"column":2},"end":{"line":57,"column":19}},"28":{"start":{"line":59,"column":2},"end":{"line":59,"column":15}},"29":{"start":{"line":62,"column":1},"end":{"line":62,"column":13}},"30":{"start":{"line":67,"column":12},"end":{"line":74,"column":null}},"31":{"start":{"line":67,"column":34},"end":{"line":74,"column":null}},"32":{"start":{"line":68,"column":1},"end":{"line":72,"column":null}},"33":{"start":{"line":69,"column":2},"end":{"line":69,"column":45}},"34":{"start":{"line":71,"column":2},"end":{"line":71,"column":15}},"35":{"start":{"line":73,"column":1},"end":{"line":73,"column":13}},"36":{"start":{"line":77,"column":23},"end":{"line":90,"column":null}},"37":{"start":{"line":77,"column":60},"end":{"line":90,"column":null}},"38":{"start":{"line":79,"column":1},"end":{"line":86,"column":null}},"39":{"start":{"line":80,"column":14},"end":{"line":80,"column":76}},"40":{"start":{"line":81,"column":2},"end":{"line":83,"column":null}},"41":{"start":{"line":82,"column":3},"end":{"line":82,"column":16}},"42":{"start":{"line":85,"column":2},"end":{"line":85,"column":15}},"43":{"start":{"line":88,"column":1},"end":{"line":88,"column":13}},"44":{"start":{"line":93,"column":24},"end":{"line":101,"column":null}},"45":{"start":{"line":93,"column":65},"end":{"line":101,"column":null}},"46":{"start":{"line":94,"column":1},"end":{"line":98,"column":null}},"47":{"start":{"line":95,"column":14},"end":{"line":95,"column":75}},"48":{"start":{"line":97,"column":2},"end":{"line":97,"column":15}},"49":{"start":{"line":100,"column":1},"end":{"line":100,"column":13}},"50":{"start":{"line":106,"column":0},"end":{"line":114,"column":2}}},"fnMap":{"0":{"name":"(anonymous_8)","decl":{"start":{"line":5,"column":14},"end":{"line":5,"column":21}},"loc":{"start":{"line":5,"column":36},"end":{"line":30,"column":null}}},"1":{"name":"(anonymous_9)","decl":{"start":{"line":5,"column":36},"end":{"line":5,"column":null}},"loc":{"start":{"line":5,"column":36},"end":{"line":30,"column":1}}},"2":{"name":"(anonymous_10)","decl":{"start":{"line":32,"column":19},"end":{"line":32,"column":26}},"loc":{"start":{"line":32,"column":44},"end":{"line":39,"column":null}}},"3":{"name":"(anonymous_11)","decl":{"start":{"line":32,"column":44},"end":{"line":32,"column":null}},"loc":{"start":{"line":32,"column":44},"end":{"line":39,"column":1}}},"4":{"name":"(anonymous_12)","decl":{"start":{"line":42,"column":12},"end":{"line":42,"column":19}},"loc":{"start":{"line":42,"column":39},"end":{"line":50,"column":null}}},"5":{"name":"(anonymous_13)","decl":{"start":{"line":42,"column":39},"end":{"line":42,"column":null}},"loc":{"start":{"line":42,"column":39},"end":{"line":50,"column":1}}},"6":{"name":"(anonymous_14)","decl":{"start":{"line":53,"column":13},"end":{"line":53,"column":20}},"loc":{"start":{"line":53,"column":54},"end":{"line":64,"column":null}}},"7":{"name":"(anonymous_15)","decl":{"start":{"line":53,"column":54},"end":{"line":53,"column":null}},"loc":{"start":{"line":53,"column":54},"end":{"line":64,"column":1}}},"8":{"name":"(anonymous_16)","decl":{"start":{"line":67,"column":12},"end":{"line":67,"column":19}},"loc":{"start":{"line":67,"column":34},"end":{"line":74,"column":null}}},"9":{"name":"(anonymous_17)","decl":{"start":{"line":67,"column":34},"end":{"line":67,"column":null}},"loc":{"start":{"line":67,"column":34},"end":{"line":74,"column":1}}},"10":{"name":"(anonymous_18)","decl":{"start":{"line":77,"column":23},"end":{"line":77,"column":30}},"loc":{"start":{"line":77,"column":60},"end":{"line":90,"column":null}}},"11":{"name":"(anonymous_19)","decl":{"start":{"line":77,"column":60},"end":{"line":77,"column":null}},"loc":{"start":{"line":77,"column":60},"end":{"line":90,"column":1}}},"12":{"name":"(anonymous_20)","decl":{"start":{"line":93,"column":24},"end":{"line":93,"column":31}},"loc":{"start":{"line":93,"column":65},"end":{"line":101,"column":null}}},"13":{"name":"(anonymous_21)","decl":{"start":{"line":93,"column":65},"end":{"line":93,"column":null}},"loc":{"start":{"line":93,"column":65},"end":{"line":101,"column":1}}}},"branchMap":{"0":{"loc":{"start":{"line":13,"column":2},"end":{"line":13,"column":null}},"type":"if","locations":[{"start":{"line":13,"column":2},"end":{"line":13,"column":null}}]},"1":{"loc":{"start":{"line":34,"column":1},"end":{"line":38,"column":null}},"type":"if","locations":[{"start":{"line":34,"column":1},"end":{"line":38,"column":null}},{"start":{"line":36,"column":6},"end":{"line":38,"column":null}}]},"2":{"loc":{"start":{"line":81,"column":2},"end":{"line":83,"column":null}},"type":"if","locations":[{"start":{"line":81,"column":2},"end":{"line":83,"column":null}}]}},"s":{"0":1,"1":1,"2":1,"3":0,"4":0,"5":0,"6":0,"7":0,"8":0,"9":0,"10":0,"11":0,"12":1,"13":0,"14":0,"15":0,"16":0,"17":0,"18":1,"19":0,"20":0,"21":0,"22":0,"23":0,"24":1,"25":0,"26":0,"27":0,"28":0,"29":0,"30":1,"31":0,"32":0,"33":0,"34":0,"35":0,"36":1,"37":0,"38":0,"39":0,"40":0,"41":0,"42":0,"43":0,"44":1,"45":0,"46":0,"47":0,"48":0,"49":0,"50":1},"f":{"0":0,"1":0,"2":0,"3":0,"4":0,"5":0,"6":0,"7":0,"8":0,"9":0,"10":0,"11":0,"12":0,"13":0},"b":{"0":[0],"1":[0,0],"2":[0]}}
}
