TN:
SF:src/app.ts
FNF:0
FNH:0
DA:1,1
DA:3,1
DA:7,1
DA:10,1
DA:13,1
DA:15,1
DA:17,1
LF:7
LH:7
BRF:0
BRH:0
end_of_record
TN:
SF:src/config/authtoken.ts
FN:4,(anonymous_8)
FN:4,(anonymous_9)
FNF:2
FNH:0
FNDA:0,(anonymous_8)
FNDA:0,(anonymous_9)
DA:1,1
DA:4,1
DA:6,0
DA:7,0
DA:14,0
DA:15,0
DA:17,0
DA:18,0
DA:25,0
DA:26,0
DA:27,0
DA:30,1
LF:12
LH:3
BRDA:6,0,0,0
BRDA:17,1,0,0
BRF:2
BRH:0
end_of_record
TN:
SF:src/config/ddbb.ts
FNF:0
FNH:0
DA:1,1
DA:4,1
DA:15,1
LF:3
LH:3
BRF:0
BRH:0
end_of_record
TN:
SF:src/controllers/users.ts
FN:7,(anonymous_8)
FN:7,(anonymous_9)
FN:30,(anonymous_10)
FN:30,(anonymous_11)
FN:37,(anonymous_12)
FN:37,(anonymous_13)
FN:75,(anonymous_14)
FN:75,(anonymous_15)
FN:102,(anonymous_16)
FN:102,(anonymous_17)
FN:117,(anonymous_18)
FN:117,(anonymous_19)
FN:145,(anonymous_20)
FN:149,(anonymous_21)
FN:149,(anonymous_22)
FNF:15
FNH:0
FNDA:0,(anonymous_8)
FNDA:0,(anonymous_9)
FNDA:0,(anonymous_10)
FNDA:0,(anonymous_11)
FNDA:0,(anonymous_12)
FNDA:0,(anonymous_13)
FNDA:0,(anonymous_14)
FNDA:0,(anonymous_15)
FNDA:0,(anonymous_16)
FNDA:0,(anonymous_17)
FNDA:0,(anonymous_18)
FNDA:0,(anonymous_19)
FNDA:0,(anonymous_20)
FNDA:0,(anonymous_21)
FNDA:0,(anonymous_22)
DA:2,1
DA:3,1
DA:4,1
DA:7,1
DA:10,0
DA:11,0
DA:16,0
DA:17,0
DA:21,0
DA:24,0
DA:26,0
DA:30,1
DA:31,0
DA:32,0
DA:37,1
DA:39,0
DA:42,0
DA:43,0
DA:47,0
DA:48,0
DA:49,0
DA:54,0
DA:62,0
DA:64,0
DA:65,0
DA:70,0
DA:75,1
DA:77,0
DA:78,0
DA:79,0
DA:81,0
DA:82,0
DA:83,0
DA:84,0
DA:87,0
DA:90,0
DA:92,0
DA:94,0
DA:95,0
DA:97,0
DA:102,1
DA:104,0
DA:106,0
DA:108,0
DA:109,0
DA:111,0
DA:117,1
DA:119,0
DA:120,0
DA:123,0
DA:124,0
DA:129,0
DA:131,0
DA:132,0
DA:136,0
DA:138,0
DA:139,0
DA:141,0
DA:145,1
DA:149,1
DA:155,1
LF:61
LH:12
BRDA:10,0,0,0
BRDA:10,1,0,0
BRDA:10,1,1,0
BRDA:10,2,0,0
BRDA:10,2,1,0
BRDA:10,3,0,0
BRDA:10,3,1,0
BRDA:10,4,0,0
BRDA:10,4,1,0
BRDA:10,5,0,0
BRDA:10,5,1,0
BRDA:16,6,0,0
BRDA:16,7,0,0
BRDA:16,7,1,0
BRDA:16,8,0,0
BRDA:16,8,1,0
BRDA:16,9,0,0
BRDA:16,9,1,0
BRDA:16,10,0,0
BRDA:16,10,1,0
BRDA:39,11,0,0
BRDA:39,11,1,0
BRDA:39,12,0,0
BRDA:39,12,1,0
BRDA:42,13,0,0
BRDA:42,14,0,0
BRDA:42,14,1,0
BRDA:42,14,2,0
BRDA:42,15,0,0
BRDA:42,15,1,0
BRDA:42,16,0,0
BRDA:42,16,1,0
BRDA:42,17,0,0
BRDA:42,17,1,0
BRDA:42,18,0,0
BRDA:42,18,1,0
BRDA:42,19,0,0
BRDA:42,19,1,0
BRDA:42,20,0,0
BRDA:42,20,1,0
BRDA:48,21,0,0
BRDA:64,22,0,0
BRDA:64,22,1,0
BRDA:78,23,0,0
BRDA:78,23,1,0
BRDA:78,24,0,0
BRDA:78,24,1,0
BRDA:81,25,0,0
BRDA:81,26,0,0
BRDA:81,26,1,0
BRDA:81,27,0,0
BRDA:81,27,1,0
BRDA:83,28,0,0
BRDA:90,29,0,0
BRDA:90,30,0,0
BRDA:90,30,1,0
BRDA:90,31,0,0
BRDA:90,31,1,0
BRDA:94,32,0,0
BRDA:94,32,1,0
BRDA:108,33,0,0
BRDA:108,33,1,0
BRDA:120,34,0,0
BRDA:120,34,1,0
BRDA:120,35,0,0
BRDA:120,35,1,0
BRDA:123,36,0,0
BRDA:123,37,0,0
BRDA:123,37,1,0
BRDA:123,38,0,0
BRDA:123,38,1,0
BRDA:123,39,0,0
BRDA:123,39,1,0
BRDA:123,40,0,0
BRDA:123,40,1,0
BRDA:123,41,0,0
BRDA:123,41,1,0
BRDA:131,42,0,0
BRDA:138,43,0,0
BRDA:138,43,1,0
BRF:80
BRH:0
end_of_record
TN:
SF:src/helper/errorResponse.ts
FN:3,(anonymous_0)
FN:12,(anonymous_1)
FN:20,(anonymous_2)
FN:30,(anonymous_3)
FNF:4
FNH:0
FNDA:0,(anonymous_0)
FNDA:0,(anonymous_1)
FNDA:0,(anonymous_2)
FNDA:0,(anonymous_3)
DA:3,1
DA:4,0
DA:12,1
DA:13,0
DA:20,1
DA:21,0
DA:30,1
DA:31,0
DA:39,1
DA:40,1
DA:41,1
DA:42,1
LF:12
LH:8
BRDA:3,0,0,0
BRDA:12,1,0,0
BRDA:20,2,0,0
BRDA:30,3,0,0
BRF:4
BRH:0
end_of_record
TN:
SF:src/routers/users.ts
FN:11,(anonymous_1)
FN:18,(anonymous_2)
FN:25,(anonymous_3)
FN:32,(anonymous_4)
FN:38,(anonymous_5)
FN:44,(anonymous_6)
FN:50,(anonymous_7)
FN:57,(anonymous_8)
FNF:8
FNH:1
FNDA:0,(anonymous_1)
FNDA:0,(anonymous_2)
FNDA:0,(anonymous_3)
FNDA:0,(anonymous_4)
FNDA:0,(anonymous_5)
FNDA:0,(anonymous_6)
FNDA:0,(anonymous_7)
FNDA:2,(anonymous_8)
DA:1,1
DA:4,1
DA:6,1
DA:9,1
DA:11,1
DA:13,0
DA:18,1
DA:20,0
DA:25,1
DA:27,0
DA:32,1
DA:34,0
DA:38,1
DA:40,0
DA:44,1
DA:46,0
DA:50,1
DA:52,0
DA:57,1
DA:60,2
DA:66,1
LF:21
LH:14
BRF:0
BRH:0
end_of_record
TN:
SF:src/services/users.ts
FN:5,(anonymous_8)
FN:5,(anonymous_9)
FN:32,(anonymous_10)
FN:32,(anonymous_11)
FN:42,(anonymous_12)
FN:42,(anonymous_13)
FN:53,(anonymous_14)
FN:53,(anonymous_15)
FN:67,(anonymous_16)
FN:67,(anonymous_17)
FN:77,(anonymous_18)
FN:77,(anonymous_19)
FN:93,(anonymous_20)
FN:93,(anonymous_21)
FNF:14
FNH:0
FNDA:0,(anonymous_8)
FNDA:0,(anonymous_9)
FNDA:0,(anonymous_10)
FNDA:0,(anonymous_11)
FNDA:0,(anonymous_12)
FNDA:0,(anonymous_13)
FNDA:0,(anonymous_14)
FNDA:0,(anonymous_15)
FNDA:0,(anonymous_16)
FNDA:0,(anonymous_17)
FNDA:0,(anonymous_18)
FNDA:0,(anonymous_19)
FNDA:0,(anonymous_20)
FNDA:0,(anonymous_21)
DA:1,1
DA:3,1
DA:5,1
DA:8,0
DA:13,0
DA:15,0
DA:19,0
DA:20,0
DA:23,0
DA:29,0
DA:32,1
DA:33,0
DA:34,0
DA:35,0
DA:37,0
DA:42,1
DA:43,0
DA:44,0
DA:46,0
DA:49,0
DA:53,1
DA:54,0
DA:55,0
DA:59,0
DA:62,0
DA:67,1
DA:68,0
DA:69,0
DA:71,0
DA:73,0
DA:77,1
DA:79,0
DA:80,0
DA:81,0
DA:82,0
DA:85,0
DA:88,0
DA:93,1
DA:94,0
DA:95,0
DA:97,0
DA:100,0
DA:106,1
LF:43
LH:10
BRDA:13,0,0,0
BRDA:34,1,0,0
BRDA:34,1,1,0
BRDA:81,2,0,0
BRF:4
BRH:0
end_of_record
